 {"time":"2022-06-29 15:03:25,889", "module":"__main__", "line_no":170, "level":"INFO", "msg":"Raster generated for 30693"},
{"time":"2022-06-29 15:03:26,707", "module":"__main__", "line_no":177, "level":"INFO", "msg":"png generated for 30693"},
{"time":"2022-06-29 15:03:26,736", "module":"__main__", "line_no":65, "level":"INFO", "msg":"save output csv 30693"},
{"time":"2022-06-29 15:03:26,736", "module":"__main__", "line_no":184, "level":"INFO", "msg":"process complete for 30693!"},
{"time":"2022-06-29 15:30:27,648", "module":"__main__", "line_no":170, "level":"INFO", "msg":"Raster generated for 30468"},
{"time":"2022-06-29 15:30:36,843", "module":"__main__", "line_no":177, "level":"INFO", "msg":"png generated for 30468"},
{"time":"2022-06-29 15:32:10,378", "module":"__main__", "line_no":65, "level":"INFO", "msg":"save output csv 30468"},
{"time":"2022-06-29 15:32:12,277", "module":"__main__", "line_no":184, "level":"INFO", "msg":"process complete for 30468!"},
{"time":"2022-06-29 15:34:30,123", "module":"__main__", "line_no":170, "level":"INFO", "msg":"Raster generated for 30486"},
{"time":"2022-06-29 15:34:39,288", "module":"__main__", "line_no":177, "level":"INFO", "msg":"png generated for 30486"},
{"time":"2022-06-29 15:44:04,413", "module":"__main__", "line_no":168, "level":"ERROR", "msg":"Found array with 0 sample(s) (shape=(0, 11)) while a minimum of 1 is required by StandardScaler. "},
{"time":"2022-06-29 15:46:02,447", "module":"__main__", "line_no":170, "level":"INFO", "msg":"Raster generated for 30486"},
{"time":"2022-06-29 15:46:05,620", "module":"__main__", "line_no":177, "level":"INFO", "msg":"png generated for 30486"},
{"time":"2022-06-29 15:46:31,461", "module":"__main__", "line_no":65, "level":"INFO", "msg":"save output csv 30486"},
{"time":"2022-06-29 16:01:03,776", "module":"__main__", "line_no":170, "level":"INFO", "msg":"Raster generated for 30486"},
{"time":"2022-06-29 16:01:15,437", "module":"__main__", "line_no":177, "level":"INFO", "msg":"png generated for 30486"},
{"time":"2022-06-29 16:01:59,356", "module":"__main__", "line_no":65, "level":"INFO", "msg":"save output csv 30486"},
{"time":"2022-06-29 16:03:45,973", "module":"__main__", "line_no":170, "level":"INFO", "msg":"Raster generated for 30486"},
{"time":"2022-06-29 16:03:46,837", "module":"__main__", "line_no":177, "level":"INFO", "msg":"png generated for 30486"},
{"time":"2022-06-29 16:03:46,870", "module":"__main__", "line_no":65, "level":"INFO", "msg":"save output csv 30486"},
{"time":"2022-06-29 16:03:46,870", "module":"__main__", "line_no":184, "level":"INFO", "msg":"process complete for 30486!"},
{"time":"2022-06-29 16:12:29,314", "module":"__main__", "line_no":170, "level":"INFO", "msg":"Raster generated for 30486"},
{"time":"2022-06-29 16:12:30,177", "module":"__main__", "line_no":177, "level":"INFO", "msg":"png generated for 30486"},
{"time":"2022-06-29 16:12:30,204", "module":"__main__", "line_no":65, "level":"INFO", "msg":"save output csv 30486"},
{"time":"2022-06-29 16:12:30,204", "module":"__main__", "line_no":184, "level":"INFO", "msg":"process complete for 30486!"},
{"time":"2022-06-29 16:14:08,656", "module":"__main__", "line_no":170, "level":"INFO", "msg":"Raster generated for 30486"},
{"time":"2022-06-29 16:14:09,579", "module":"__main__", "line_no":177, "level":"INFO", "msg":"png generated for 30486"},
{"time":"2022-06-29 16:14:09,605", "module":"__main__", "line_no":65, "level":"INFO", "msg":"save output csv 30486"},
{"time":"2022-06-29 16:14:09,605", "module":"__main__", "line_no":184, "level":"INFO", "msg":"process complete for 30486!"},
{"time":"2022-06-29 16:42:30,221", "module":"__main__", "line_no":170, "level":"INFO", "msg":"Raster generated for 4153"},
{"time":"2022-06-29 16:42:31,631", "module":"__main__", "line_no":177, "level":"INFO", "msg":"png generated for 4153"},
{"time":"2022-06-29 16:42:31,676", "module":"__main__", "line_no":65, "level":"INFO", "msg":"save output csv 4153"},
{"time":"2022-06-29 16:42:31,676", "module":"__main__", "line_no":184, "level":"INFO", "msg":"process complete for 4153!"},
{"time":"2022-06-29 17:23:06,446", "module":"__main__", "line_no":170, "level":"INFO", "msg":"Raster generated for 4153"},
{"time":"2022-06-29 17:23:07,263", "module":"__main__", "line_no":177, "level":"INFO", "msg":"png generated for 4153"},
{"time":"2022-06-29 17:23:07,290", "module":"__main__", "line_no":65, "level":"INFO", "msg":"save output csv 4153"},
{"time":"2022-06-29 17:23:07,291", "module":"__main__", "line_no":184, "level":"INFO", "msg":"process complete for 4153!"},
{"time":"2022-06-29 17:25:48,566", "module":"__main__", "line_no":170, "level":"INFO", "msg":"Raster generated for 4153"},
{"time":"2022-06-29 17:25:49,366", "module":"__main__", "line_no":177, "level":"INFO", "msg":"png generated for 4153"},
{"time":"2022-06-29 17:25:49,390", "module":"__main__", "line_no":65, "level":"INFO", "msg":"save output csv 4153"},
{"time":"2022-06-29 17:25:49,390", "module":"__main__", "line_no":184, "level":"INFO", "msg":"process complete for 4153!"},
{"time":"2022-06-29 17:26:51,671", "module":"__main__", "line_no":170, "level":"INFO", "msg":"Raster generated for 4153"},
{"time":"2022-06-29 17:26:52,505", "module":"__main__", "line_no":177, "level":"INFO", "msg":"png generated for 4153"},
{"time":"2022-06-29 17:26:52,533", "module":"__main__", "line_no":65, "level":"INFO", "msg":"save output csv 4153"},
{"time":"2022-06-29 17:26:52,533", "module":"__main__", "line_no":184, "level":"INFO", "msg":"process complete for 4153!"},
{"time":"2022-06-29 17:27:58,373", "module":"__main__", "line_no":170, "level":"INFO", "msg":"Raster generated for 4153"},
{"time":"2022-06-29 17:27:59,184", "module":"__main__", "line_no":177, "level":"INFO", "msg":"png generated for 4153"},
{"time":"2022-06-29 17:27:59,208", "module":"__main__", "line_no":65, "level":"INFO", "msg":"save output csv 4153"},
{"time":"2022-06-29 17:27:59,208", "module":"__main__", "line_no":184, "level":"INFO", "msg":"process complete for 4153!"},
{"time":"2022-06-29 17:29:25,182", "module":"__main__", "line_no":170, "level":"INFO", "msg":"Raster generated for 4153"},
{"time":"2022-06-29 17:29:25,987", "module":"__main__", "line_no":177, "level":"INFO", "msg":"png generated for 4153"},
{"time":"2022-06-29 17:29:26,011", "module":"__main__", "line_no":65, "level":"INFO", "msg":"save output csv 4153"},
{"time":"2022-06-29 17:29:26,011", "module":"__main__", "line_no":184, "level":"INFO", "msg":"process complete for 4153!"},
{"time":"2022-06-29 17:30:48,878", "module":"__main__", "line_no":170, "level":"INFO", "msg":"Raster generated for 4153"},
{"time":"2022-06-29 17:30:49,720", "module":"__main__", "line_no":177, "level":"INFO", "msg":"png generated for 4153"},
{"time":"2022-06-29 17:30:49,745", "module":"__main__", "line_no":65, "level":"INFO", "msg":"save output csv 4153"},
{"time":"2022-06-29 17:30:49,745", "module":"__main__", "line_no":184, "level":"INFO", "msg":"process complete for 4153!"},
{"time":"2022-06-29 18:05:14,355", "module":"__main__", "line_no":170, "level":"INFO", "msg":"Raster generated for 30689"},
{"time":"2022-06-29 18:05:15,280", "module":"__main__", "line_no":177, "level":"INFO", "msg":"png generated for 30689"},
{"time":"2022-06-29 18:05:15,307", "module":"__main__", "line_no":65, "level":"INFO", "msg":"save output csv 30689"},
{"time":"2022-06-29 18:05:15,307", "module":"__main__", "line_no":184, "level":"INFO", "msg":"process complete for 30689!"},
{"time":"2022-06-29 18:05:45,204", "module":"__main__", "line_no":170, "level":"INFO", "msg":"Raster generated for 30689"},
{"time":"2022-06-29 18:05:46,061", "module":"__main__", "line_no":177, "level":"INFO", "msg":"png generated for 30689"},
{"time":"2022-06-29 18:05:46,086", "module":"__main__", "line_no":65, "level":"INFO", "msg":"save output csv 30689"},
{"time":"2022-06-29 18:05:46,086", "module":"__main__", "line_no":184, "level":"INFO", "msg":"process complete for 30689!"},
{"time":"2022-06-29 18:06:32,838", "module":"__main__", "line_no":170, "level":"INFO", "msg":"Raster generated for 30691"},
{"time":"2022-06-29 18:06:33,711", "module":"__main__", "line_no":177, "level":"INFO", "msg":"png generated for 30691"},
{"time":"2022-06-29 18:06:33,742", "module":"__main__", "line_no":65, "level":"INFO", "msg":"save output csv 30691"},
{"time":"2022-06-29 18:06:33,742", "module":"__main__", "line_no":184, "level":"INFO", "msg":"process complete for 30691!"},
{"time":"2022-06-30 13:03:28,595", "module":"__main__", "line_no":171, "level":"INFO", "msg":"Raster generated for 5157"},
{"time":"2022-06-30 13:03:29,441", "module":"__main__", "line_no":178, "level":"INFO", "msg":"png generated for 5157"},
{"time":"2022-06-30 13:03:29,469", "module":"__main__", "line_no":65, "level":"INFO", "msg":"save output csv 5157"},
{"time":"2022-06-30 13:03:29,470", "module":"__main__", "line_no":185, "level":"INFO", "msg":"process complete for 5157!"},
{"time":"2022-06-30 13:20:54,927", "module":"__main__", "line_no":171, "level":"INFO", "msg":"Raster generated for 5157"},
{"time":"2022-06-30 13:20:55,725", "module":"__main__", "line_no":178, "level":"INFO", "msg":"png generated for 5157"},
{"time":"2022-06-30 13:20:55,751", "module":"__main__", "line_no":65, "level":"INFO", "msg":"save output csv 5157"},
{"time":"2022-06-30 13:20:55,751", "module":"__main__", "line_no":185, "level":"INFO", "msg":"process complete for 5157!"},
{"time":"2022-06-30 13:21:42,674", "module":"__main__", "line_no":171, "level":"INFO", "msg":"Raster generated for 5157"},
{"time":"2022-06-30 13:21:43,476", "module":"__main__", "line_no":178, "level":"INFO", "msg":"png generated for 5157"},
{"time":"2022-06-30 13:21:43,502", "module":"__main__", "line_no":65, "level":"INFO", "msg":"save output csv 5157"},
{"time":"2022-06-30 13:21:43,502", "module":"__main__", "line_no":185, "level":"INFO", "msg":"process complete for 5157!"},
{"time":"2022-06-30 13:22:29,637", "module":"__main__", "line_no":171, "level":"INFO", "msg":"Raster generated for 5157"},
{"time":"2022-06-30 13:22:30,446", "module":"__main__", "line_no":178, "level":"INFO", "msg":"png generated for 5157"},
{"time":"2022-06-30 13:22:30,472", "module":"__main__", "line_no":65, "level":"INFO", "msg":"save output csv 5157"},
{"time":"2022-06-30 13:22:30,472", "module":"__main__", "line_no":185, "level":"INFO", "msg":"process complete for 5157!"},
{"time":"2022-06-30 13:23:11,994", "module":"__main__", "line_no":171, "level":"INFO", "msg":"Raster generated for 5157"},
{"time":"2022-06-30 13:23:12,792", "module":"__main__", "line_no":178, "level":"INFO", "msg":"png generated for 5157"},
{"time":"2022-06-30 13:23:12,818", "module":"__main__", "line_no":65, "level":"INFO", "msg":"save output csv 5157"},
{"time":"2022-06-30 13:23:12,818", "module":"__main__", "line_no":185, "level":"INFO", "msg":"process complete for 5157!"},
{"time":"2022-06-30 16:29:01,934", "module":"__main__", "line_no":171, "level":"INFO", "msg":"Raster generated for 30823"},
{"time":"2022-06-30 16:29:02,763", "module":"__main__", "line_no":178, "level":"INFO", "msg":"png generated for 30823"},
{"time":"2022-06-30 16:29:02,788", "module":"__main__", "line_no":65, "level":"INFO", "msg":"save output csv 30823"},
{"time":"2022-06-30 16:29:02,788", "module":"__main__", "line_no":185, "level":"INFO", "msg":"process complete for 30823!"},
{"time":"2022-06-30 16:29:24,440", "module":"__main__", "line_no":171, "level":"INFO", "msg":"Raster generated for 30823"},
{"time":"2022-06-30 16:29:25,228", "module":"__main__", "line_no":178, "level":"INFO", "msg":"png generated for 30823"},
{"time":"2022-06-30 16:29:25,253", "module":"__main__", "line_no":65, "level":"INFO", "msg":"save output csv 30823"},
{"time":"2022-06-30 16:29:25,253", "module":"__main__", "line_no":185, "level":"INFO", "msg":"process complete for 30823!"},
{"time":"2022-06-30 17:10:44,300", "module":"__main__", "line_no":171, "level":"INFO", "msg":"Raster generated for 30826"},
{"time":"2022-06-30 17:10:45,107", "module":"__main__", "line_no":178, "level":"INFO", "msg":"png generated for 30826"},
{"time":"2022-06-30 17:10:45,136", "module":"__main__", "line_no":65, "level":"INFO", "msg":"save output csv 30826"},
{"time":"2022-06-30 17:10:45,136", "module":"__main__", "line_no":185, "level":"INFO", "msg":"process complete for 30826!"},
{"time":"2022-06-30 18:04:03,295", "module":"__main__", "line_no":171, "level":"INFO", "msg":"Raster generated for 30833"},
{"time":"2022-06-30 18:04:04,110", "module":"__main__", "line_no":178, "level":"INFO", "msg":"png generated for 30833"},
{"time":"2022-06-30 18:04:04,139", "module":"__main__", "line_no":65, "level":"INFO", "msg":"save output csv 30833"},
{"time":"2022-06-30 18:04:04,139", "module":"__main__", "line_no":185, "level":"INFO", "msg":"process complete for 30833!"},
{"time":"2022-06-30 18:24:03,856", "module":"__main__", "line_no":171, "level":"INFO", "msg":"Raster generated for 30833"},
{"time":"2022-06-30 18:24:04,558", "module":"__main__", "line_no":178, "level":"INFO", "msg":"png generated for 30833"},
{"time":"2022-06-30 18:24:04,583", "module":"__main__", "line_no":65, "level":"INFO", "msg":"save output csv 30833"},
{"time":"2022-06-30 18:24:04,583", "module":"__main__", "line_no":185, "level":"INFO", "msg":"process complete for 30833!"},
{"time":"2022-06-30 18:28:06,986", "module":"__main__", "line_no":171, "level":"INFO", "msg":"Raster generated for 30833"},
{"time":"2022-06-30 18:28:07,675", "module":"__main__", "line_no":178, "level":"INFO", "msg":"png generated for 30833"},
{"time":"2022-06-30 18:28:07,700", "module":"__main__", "line_no":65, "level":"INFO", "msg":"save output csv 30833"},
{"time":"2022-06-30 18:28:07,700", "module":"__main__", "line_no":185, "level":"INFO", "msg":"process complete for 30833!"},
{"time":"2022-07-01 10:19:38,247", "module":"__main__", "line_no":171, "level":"INFO", "msg":"Raster generated for 30723"},
{"time":"2022-07-01 10:19:39,064", "module":"__main__", "line_no":178, "level":"INFO", "msg":"png generated for 30723"},
{"time":"2022-07-01 10:19:39,091", "module":"__main__", "line_no":65, "level":"INFO", "msg":"save output csv 30723"},
{"time":"2022-07-01 10:19:39,091", "module":"__main__", "line_no":185, "level":"INFO", "msg":"process complete for 30723!"},
{"time":"2022-07-01 10:36:02,024", "module":"__main__", "line_no":171, "level":"INFO", "msg":"Raster generated for 30807"},
{"time":"2022-07-01 10:36:02,824", "module":"__main__", "line_no":178, "level":"INFO", "msg":"png generated for 30807"},
{"time":"2022-07-01 10:36:02,852", "module":"__main__", "line_no":65, "level":"INFO", "msg":"save output csv 30807"},
{"time":"2022-07-01 10:36:02,852", "module":"__main__", "line_no":185, "level":"INFO", "msg":"process complete for 30807!"},
{"time":"2022-07-01 11:04:48,964", "module":"__main__", "line_no":171, "level":"INFO", "msg":"Raster generated for 30807"},
{"time":"2022-07-01 11:04:49,746", "module":"__main__", "line_no":178, "level":"INFO", "msg":"png generated for 30807"},
{"time":"2022-07-01 11:04:49,772", "module":"__main__", "line_no":65, "level":"INFO", "msg":"save output csv 30807"},
{"time":"2022-07-01 11:04:49,772", "module":"__main__", "line_no":185, "level":"INFO", "msg":"process complete for 30807!"},
